*** Starting uWSGI 2.0.17 (64bit) on [Thu Apr  5 12:20:12 2018] ***
compiled with version: 4.8.1 on 05 April 2018 15:41:48
os: Linux-2.6.32-431.29.2.el6.x86_64 #1 SMP Sun Jul 27 15:55:46 EDT 2014
nodename: angelshark.ics.cs.cmu.edu
machine: x86_64
clock source: unix
pcre jit disabled
detected number of CPU cores: 16
current working directory: /afs/andrew.cmu.edu/usr2/zhenz2/DSP3/WebApp
writing pidfile to uwsgi.pid
detected binary path: /afs/andrew.cmu.edu/usr2/zhenz2/DSP3/venv/bin/uwsgi
your processes number limit is 1024
your memory page size is 4096 bytes
detected max file descriptor number: 1024
lock engine: pthread robust mutexes
thunder lock: disabled (you can enable it with --thunder-lock)
uWSGI http bound on :5800 fd 3
uwsgi socket 0 bound to TCP address 127.0.0.1:5000 fd 6
Python version: 2.7.2 (default, Jul 27 2011, 13:37:49)  [GCC 4.4.5 20110214 (Red Hat 4.4.5-6)]
Python main interpreter initialized at 0xb09460
python threads support enabled
your server socket listen backlog is limited to 100 connections
your mercy for graceful operations on workers is 60 seconds
mapped 416880 bytes (407 KB) for 8 cores
*** Operational MODE: preforking+threaded ***
added /afs/andrew.cmu.edu/usr2/zhenz2/DSP3/WebApp/ to pythonpath.
WSGI app 0 (mountpoint='') ready in 0 seconds on interpreter 0xb09460 pid: 24899 (default app)
*** uWSGI is running in multiple interpreter mode ***
spawned uWSGI master process (pid: 24899)
spawned uWSGI worker 1 (pid: 24904, cores: 2)
spawned uWSGI worker 2 (pid: 24905, cores: 2)
spawned uWSGI worker 3 (pid: 24906, cores: 2)
spawned uWSGI worker 4 (pid: 24908, cores: 2)
spawned uWSGI http 1 (pid: 24910)
{address space usage: 302292992 bytes/288MB} {rss usage: 14123008 bytes/13MB} [pid: 24906|app: 0|req: 1/1] 74.109.237.180 () {38 vars in 1021 bytes} [Thu Apr  5 12:20:35 2018] GET / => generated 12 bytes in 1 msecs (HTTP/1.1 200) 2 headers in 79 bytes (1 switches on core 0)
{address space usage: 302559232 bytes/288MB} {rss usage: 14811136 bytes/14MB} [pid: 24906|app: 0|req: 2/2] 74.109.237.180 () {36 vars in 948 bytes} [Thu Apr  5 12:20:36 2018] GET /favicon.ico => generated 233 bytes in 13 msecs (HTTP/1.1 404) 2 headers in 72 bytes (1 switches on core 1)
{address space usage: 302702592 bytes/288MB} {rss usage: 14688256 bytes/14MB} [pid: 24904|app: 0|req: 1/3] 74.109.237.180 () {36 vars in 1008 bytes} [Thu Apr  5 12:20:36 2018] GET /favicon.ico => generated 233 bytes in 12 msecs (HTTP/1.1 404) 2 headers in 72 bytes (1 switches on core 0)
Thu Apr  5 12:21:16 2018 - uWSGI worker 1 screams: UAAAAAAH my master disconnected: i will kill myself !!!
Thu Apr  5 12:21:16 2018 - uWSGI worker 4 screams: UAAAAAAH my master disconnected: i will kill myself !!!
Thu Apr  5 12:21:16 2018 - uWSGI worker 2 screams: UAAAAAAH my master disconnected: i will kill myself !!!
Thu Apr  5 12:21:16 2018 - uWSGI worker 2 screams: UAAAAAAH my master disconnected: i will kill myself !!!
Thu Apr  5 12:21:16 2018 - uWSGI worker 4 screams: UAAAAAAH my master disconnected: i will kill myself !!!
Thu Apr  5 12:21:16 2018 - uWSGI worker 1 screams: UAAAAAAH my master disconnected: i will kill myself !!!
Thu Apr  5 12:21:16 2018 - uWSGI worker 3 screams: UAAAAAAH my master disconnected: i will kill myself !!!
Thu Apr  5 12:21:16 2018 - uWSGI worker 3 screams: UAAAAAAH my master disconnected: i will kill myself !!!
